2026-01-12 00:42:59 - uvicorn.error - INFO - Will watch for changes in these directories: ['/Users/daeonkim/Desktop/workspace/ournote']
2026-01-12 00:42:59 - uvicorn.error - INFO - Uvicorn running on http://127.0.0.1:8000 (Press CTRL+C to quit)
2026-01-12 00:42:59 - uvicorn.error - INFO - Started reloader process [36683] using WatchFiles
2026-01-12 00:43:00 - uvicorn.error - INFO - Started server process [36688]
2026-01-12 00:43:00 - uvicorn.error - INFO - Waiting for application startup.
2026-01-12 00:43:00 - sqlalchemy.engine.Engine - INFO - select pg_catalog.version()
2026-01-12 00:43:00 - sqlalchemy.engine.Engine - INFO - [raw sql] {}
2026-01-12 00:43:00 - sqlalchemy.engine.Engine - INFO - select current_schema()
2026-01-12 00:43:00 - sqlalchemy.engine.Engine - INFO - [raw sql] {}
2026-01-12 00:43:00 - sqlalchemy.engine.Engine - INFO - show standard_conforming_strings
2026-01-12 00:43:00 - sqlalchemy.engine.Engine - INFO - [raw sql] {}
2026-01-12 00:43:00 - sqlalchemy.engine.Engine - INFO - BEGIN (implicit)
2026-01-12 00:43:00 - sqlalchemy.engine.Engine - INFO - SELECT pg_catalog.pg_class.relname 
FROM pg_catalog.pg_class JOIN pg_catalog.pg_namespace ON pg_catalog.pg_namespace.oid = pg_catalog.pg_class.relnamespace 
WHERE pg_catalog.pg_class.relname = %(table_name)s::VARCHAR AND pg_catalog.pg_class.relkind = ANY (ARRAY[%(param_1)s::VARCHAR, %(param_2)s::VARCHAR, %(param_3)s::VARCHAR, %(param_4)s::VARCHAR, %(param_5)s::VARCHAR]) AND pg_catalog.pg_table_is_visible(pg_catalog.pg_class.oid) AND pg_catalog.pg_namespace.nspname != %(nspname_1)s::VARCHAR
2026-01-12 00:43:00 - sqlalchemy.engine.Engine - INFO - [generated in 0.00014s] {'table_name': 'room_membership', 'param_1': 'r', 'param_2': 'p', 'param_3': 'f', 'param_4': 'v', 'param_5': 'm', 'nspname_1': 'pg_catalog'}
2026-01-12 00:43:00 - sqlalchemy.engine.Engine - INFO - SELECT pg_catalog.pg_class.relname 
FROM pg_catalog.pg_class JOIN pg_catalog.pg_namespace ON pg_catalog.pg_namespace.oid = pg_catalog.pg_class.relnamespace 
WHERE pg_catalog.pg_class.relname = %(table_name)s::VARCHAR AND pg_catalog.pg_class.relkind = ANY (ARRAY[%(param_1)s::VARCHAR, %(param_2)s::VARCHAR, %(param_3)s::VARCHAR, %(param_4)s::VARCHAR, %(param_5)s::VARCHAR]) AND pg_catalog.pg_table_is_visible(pg_catalog.pg_class.oid) AND pg_catalog.pg_namespace.nspname != %(nspname_1)s::VARCHAR
2026-01-12 00:43:00 - sqlalchemy.engine.Engine - INFO - [cached since 0.006619s ago] {'table_name': 'users', 'param_1': 'r', 'param_2': 'p', 'param_3': 'f', 'param_4': 'v', 'param_5': 'm', 'nspname_1': 'pg_catalog'}
2026-01-12 00:43:00 - sqlalchemy.engine.Engine - INFO - SELECT pg_catalog.pg_class.relname 
FROM pg_catalog.pg_class JOIN pg_catalog.pg_namespace ON pg_catalog.pg_namespace.oid = pg_catalog.pg_class.relnamespace 
WHERE pg_catalog.pg_class.relname = %(table_name)s::VARCHAR AND pg_catalog.pg_class.relkind = ANY (ARRAY[%(param_1)s::VARCHAR, %(param_2)s::VARCHAR, %(param_3)s::VARCHAR, %(param_4)s::VARCHAR, %(param_5)s::VARCHAR]) AND pg_catalog.pg_table_is_visible(pg_catalog.pg_class.oid) AND pg_catalog.pg_namespace.nspname != %(nspname_1)s::VARCHAR
2026-01-12 00:43:00 - sqlalchemy.engine.Engine - INFO - [cached since 0.007298s ago] {'table_name': 'rooms', 'param_1': 'r', 'param_2': 'p', 'param_3': 'f', 'param_4': 'v', 'param_5': 'm', 'nspname_1': 'pg_catalog'}
2026-01-12 00:43:00 - sqlalchemy.engine.Engine - INFO - SELECT pg_catalog.pg_class.relname 
FROM pg_catalog.pg_class JOIN pg_catalog.pg_namespace ON pg_catalog.pg_namespace.oid = pg_catalog.pg_class.relnamespace 
WHERE pg_catalog.pg_class.relname = %(table_name)s::VARCHAR AND pg_catalog.pg_class.relkind = ANY (ARRAY[%(param_1)s::VARCHAR, %(param_2)s::VARCHAR, %(param_3)s::VARCHAR, %(param_4)s::VARCHAR, %(param_5)s::VARCHAR]) AND pg_catalog.pg_table_is_visible(pg_catalog.pg_class.oid) AND pg_catalog.pg_namespace.nspname != %(nspname_1)s::VARCHAR
2026-01-12 00:43:00 - sqlalchemy.engine.Engine - INFO - [cached since 0.007892s ago] {'table_name': 'items', 'param_1': 'r', 'param_2': 'p', 'param_3': 'f', 'param_4': 'v', 'param_5': 'm', 'nspname_1': 'pg_catalog'}
2026-01-12 00:43:00 - sqlalchemy.engine.Engine - INFO - COMMIT
2026-01-12 00:43:00 - uvicorn.error - INFO - Application startup complete.
2026-01-12 00:43:51 - uvicorn.error - INFO - Shutting down
2026-01-12 00:43:51 - uvicorn.error - INFO - Waiting for application shutdown.
2026-01-12 00:43:51 - uvicorn.error - INFO - Application shutdown complete.
2026-01-12 00:43:51 - uvicorn.error - INFO - Finished server process [36688]
2026-01-12 00:43:51 - uvicorn.error - INFO - Stopping reloader process [36683]
